Arguments: 
  /Users/krystian/.nvm/versions/node/v8.5.0/bin/node /Users/krystian/.yarn/bin/yarn.js add --dev eslint-config-brainhub

PATH: 
  /Users/krystian/.yarn/bin:/Users/krystian/.config/yarn/global/node_modules/.bin:/Users/krystian/.nvm/versions/node/v8.5.0/bin:/usr/local/bin:/usr/bin:/bin:/usr/sbin:/sbin:/Users/krystian/.yarn/bin:/Users/krystian/.config/yarn/global/node_modules/.bin:/Users/krystian/.rvm/bin:/Users/krystian/.rvm/bin

Yarn version: 
  1.3.2

Node version: 
  8.5.0

Platform: 
  darwin x64

npm manifest: 
  {
    "name": "node-nozbe",
    "version": "0.0.1",
    "description": "Nozbe REST API wrapper for Node.js",
    "main": "index.js ",
    "scripts": {
      "test": "echo \"Error: no test specified\" && exit 1"
    },
    "author": "Krystian Koscielniak",
    "license": "ISC"
  }

yarn manifest: 
  No manifest

Lockfile: 
  No lockfile

Trace: 
  Error: https://registry.yarnpkg.com/@babel%2ftraverse: ESOCKETTIMEDOUT
      at ClientRequest.<anonymous> (/Users/krystian/.yarn/lib/cli.js:123716:19)
      at Object.onceWrapper (events.js:314:30)
      at emitNone (events.js:105:13)
      at ClientRequest.emit (events.js:207:7)
      at TLSSocket.emitTimeout (_http_client.js:722:34)
      at Object.onceWrapper (events.js:314:30)
      at emitNone (events.js:105:13)
      at TLSSocket.emit (events.js:207:7)
      at TLSSocket.Socket._onTimeout (net.js:398:8)
      at ontimeout (timers.js:469:11)
